<?xml version="1.0" encoding="UTF-8"?>
<testsuite xmlns:xsi="http://www.w3.org/2001/XMLSchema-instance" xsi:noNamespaceSchemaLocation="https://maven.apache.org/surefire/maven-surefire-plugin/xsd/surefire-test-report-3.0.xsd" version="3.0" name="com.progettoRogueLike.AppTest" time="0.065" tests="1" errors="0" skipped="0" failures="0">
  <properties>
    <property name="java.specification.version" value="23"/>
    <property name="sun.cpu.isalist" value="amd64"/>
    <property name="sun.jnu.encoding" value="Cp1252"/>
    <property name="java.class.path" value="C:\Users\stean\dungeon-mistery\target\test-classes;C:\Users\stean\dungeon-mistery\target\classes;C:\Users\stean\.m2\repository\junit\junit\3.8.1\junit-3.8.1.jar;C:\Users\stean\.m2\repository\org\apache\maven\maven-core\4.0.0-rc-3\maven-core-4.0.0-rc-3.jar;C:\Users\stean\.m2\repository\org\apache\maven\maven-api-annotations\4.0.0-rc-3\maven-api-annotations-4.0.0-rc-3.jar;C:\Users\stean\.m2\repository\org\apache\maven\maven-api-core\4.0.0-rc-3\maven-api-core-4.0.0-rc-3.jar;C:\Users\stean\.m2\repository\org\apache\maven\maven-api-di\4.0.0-rc-3\maven-api-di-4.0.0-rc-3.jar;C:\Users\stean\.m2\repository\org\apache\maven\maven-api-metadata\4.0.0-rc-3\maven-api-metadata-4.0.0-rc-3.jar;C:\Users\stean\.m2\repository\org\apache\maven\maven-api-model\4.0.0-rc-3\maven-api-model-4.0.0-rc-3.jar;C:\Users\stean\.m2\repository\org\apache\maven\maven-api-plugin\4.0.0-rc-3\maven-api-plugin-4.0.0-rc-3.jar;C:\Users\stean\.m2\repository\org\apache\maven\maven-api-settings\4.0.0-rc-3\maven-api-settings-4.0.0-rc-3.jar;C:\Users\stean\.m2\repository\org\apache\maven\maven-api-spi\4.0.0-rc-3\maven-api-spi-4.0.0-rc-3.jar;C:\Users\stean\.m2\repository\org\apache\maven\maven-api-toolchain\4.0.0-rc-3\maven-api-toolchain-4.0.0-rc-3.jar;C:\Users\stean\.m2\repository\org\apache\maven\maven-api-xml\4.0.0-rc-3\maven-api-xml-4.0.0-rc-3.jar;C:\Users\stean\.m2\repository\org\apache\maven\maven-di\4.0.0-rc-3\maven-di-4.0.0-rc-3.jar;C:\Users\stean\.m2\repository\org\apache\maven\maven-impl\4.0.0-rc-3\maven-impl-4.0.0-rc-3.jar;C:\Users\stean\.m2\repository\org\apache\maven\maven-support\4.0.0-rc-3\maven-support-4.0.0-rc-3.jar;C:\Users\stean\.m2\repository\com\fasterxml\woodstox\woodstox-core\7.1.0\woodstox-core-7.1.0.jar;C:\Users\stean\.m2\repository\org\codehaus\woodstox\stax2-api\4.2.2\stax2-api-4.2.2.jar;C:\Users\stean\.m2\repository\org\codehaus\plexus\plexus-sec-dispatcher\4.1.0\plexus-sec-dispatcher-4.1.0.jar;C:\Users\stean\.m2\repository\org\apache\maven\maven-jline\4.0.0-rc-3\maven-jline-4.0.0-rc-3.jar;C:\Users\stean\.m2\repository\org\jline\jline-reader\3.29.0\jline-reader-3.29.0.jar;C:\Users\stean\.m2\repository\org\jline\jline-style\3.29.0\jline-style-3.29.0.jar;C:\Users\stean\.m2\repository\org\jline\jline-builtins\3.29.0\jline-builtins-3.29.0.jar;C:\Users\stean\.m2\repository\org\jline\jline-console\3.29.0\jline-console-3.29.0.jar;C:\Users\stean\.m2\repository\org\jline\jline-console-ui\3.29.0\jline-console-ui-3.29.0.jar;C:\Users\stean\.m2\repository\org\jline\jline-terminal\3.29.0\jline-terminal-3.29.0.jar;C:\Users\stean\.m2\repository\org\jline\jline-native\3.29.0\jline-native-3.29.0.jar;C:\Users\stean\.m2\repository\org\jline\jline-terminal-jni\3.29.0\jline-terminal-jni-3.29.0.jar;C:\Users\stean\.m2\repository\org\jline\jansi-core\3.29.0\jansi-core-3.29.0.jar;C:\Users\stean\.m2\repository\org\apache\maven\maven-logging\4.0.0-rc-3\maven-logging-4.0.0-rc-3.jar;C:\Users\stean\.m2\repository\org\apache\maven\maven-xml\4.0.0-rc-3\maven-xml-4.0.0-rc-3.jar;C:\Users\stean\.m2\repository\org\apache\maven\maven-artifact\4.0.0-rc-3\maven-artifact-4.0.0-rc-3.jar;C:\Users\stean\.m2\repository\org\apache\maven\maven-model\4.0.0-rc-3\maven-model-4.0.0-rc-3.jar;C:\Users\stean\.m2\repository\org\apache\maven\maven-model-builder\4.0.0-rc-3\maven-model-builder-4.0.0-rc-3.jar;C:\Users\stean\.m2\repository\org\apache\maven\maven-builder-support\4.0.0-rc-3\maven-builder-support-4.0.0-rc-3.jar;C:\Users\stean\.m2\repository\org\codehaus\plexus\plexus-interpolation\1.27\plexus-interpolation-1.27.jar;C:\Users\stean\.m2\repository\org\codehaus\plexus\plexus-utils\4.0.1\plexus-utils-4.0.1.jar;C:\Users\stean\.m2\repository\org\apache\maven\maven-plugin-api\4.0.0-rc-3\maven-plugin-api-4.0.0-rc-3.jar;C:\Users\stean\.m2\repository\org\eclipse\sisu\org.eclipse.sisu.plexus\0.9.0.M3\org.eclipse.sisu.plexus-0.9.0.M3.jar;C:\Users\stean\.m2\repository\org\apache\maven\maven-repository-metadata\4.0.0-rc-3\maven-repository-metadata-4.0.0-rc-3.jar;C:\Users\stean\.m2\repository\org\apache\maven\maven-settings\4.0.0-rc-3\maven-settings-4.0.0-rc-3.jar;C:\Users\stean\.m2\repository\org\apache\maven\maven-toolchain-model\4.0.0-rc-3\maven-toolchain-model-4.0.0-rc-3.jar;C:\Users\stean\.m2\repository\org\apache\maven\resolver\maven-resolver-api\2.0.7\maven-resolver-api-2.0.7.jar;C:\Users\stean\.m2\repository\org\apache\maven\resolver\maven-resolver-spi\2.0.7\maven-resolver-spi-2.0.7.jar;C:\Users\stean\.m2\repository\com\google\code\gson\gson\2.12.1\gson-2.12.1.jar;C:\Users\stean\.m2\repository\org\apache\maven\resolver\maven-resolver-util\2.0.7\maven-resolver-util-2.0.7.jar;C:\Users\stean\.m2\repository\org\apache\maven\resolver\maven-resolver-impl\2.0.7\maven-resolver-impl-2.0.7.jar;C:\Users\stean\.m2\repository\org\apache\maven\resolver\maven-resolver-named-locks\2.0.7\maven-resolver-named-locks-2.0.7.jar;C:\Users\stean\.m2\repository\org\codehaus\plexus\plexus-classworlds\2.8.0\plexus-classworlds-2.8.0.jar;C:\Users\stean\.m2\repository\org\codehaus\plexus\plexus-xml\4.0.4\plexus-xml-4.0.4.jar;C:\Users\stean\.m2\repository\org\apache\maven\maven-xml-impl\4.0.0-alpha-9\maven-xml-impl-4.0.0-alpha-9.jar;C:\Users\stean\.m2\repository\org\slf4j\slf4j-api\1.7.36\slf4j-api-1.7.36.jar;C:\Users\stean\.m2\repository\ch\qos\logback\logback-classic\1.2.11\logback-classic-1.2.11.jar;C:\Users\stean\.m2\repository\ch\qos\logback\logback-core\1.2.11\logback-core-1.2.11.jar;"/>
    <property name="java.vm.vendor" value="Oracle Corporation"/>
    <property name="sun.arch.data.model" value="64"/>
    <property name="user.variant" value=""/>
    <property name="java.vendor.url" value="https://java.oracle.com/"/>
    <property name="user.timezone" value="Europe/Rome"/>
    <property name="os.name" value="Windows 11"/>
    <property name="java.vm.specification.version" value="23"/>
    <property name="sun.java.launcher" value="SUN_STANDARD"/>
    <property name="user.country" value="IT"/>
    <property name="sun.boot.library.path" value="C:\Program Files\Java\jdk-23\bin"/>
    <property name="sun.java.command" value="C:\Users\stean\AppData\Local\Temp\surefire1183231135720427957\surefirebooter-20250410142725019_3.jar C:\Users\stean\AppData\Local\Temp\surefire1183231135720427957 2025-04-10T14-27-23_467-jvmRun1 surefire-20250410142725019_1tmp surefire_0-20250410142725019_2tmp"/>
    <property name="jdk.debug" value="release"/>
    <property name="surefire.test.class.path" value="C:\Users\stean\dungeon-mistery\target\test-classes;C:\Users\stean\dungeon-mistery\target\classes;C:\Users\stean\.m2\repository\junit\junit\3.8.1\junit-3.8.1.jar;C:\Users\stean\.m2\repository\org\apache\maven\maven-core\4.0.0-rc-3\maven-core-4.0.0-rc-3.jar;C:\Users\stean\.m2\repository\org\apache\maven\maven-api-annotations\4.0.0-rc-3\maven-api-annotations-4.0.0-rc-3.jar;C:\Users\stean\.m2\repository\org\apache\maven\maven-api-core\4.0.0-rc-3\maven-api-core-4.0.0-rc-3.jar;C:\Users\stean\.m2\repository\org\apache\maven\maven-api-di\4.0.0-rc-3\maven-api-di-4.0.0-rc-3.jar;C:\Users\stean\.m2\repository\org\apache\maven\maven-api-metadata\4.0.0-rc-3\maven-api-metadata-4.0.0-rc-3.jar;C:\Users\stean\.m2\repository\org\apache\maven\maven-api-model\4.0.0-rc-3\maven-api-model-4.0.0-rc-3.jar;C:\Users\stean\.m2\repository\org\apache\maven\maven-api-plugin\4.0.0-rc-3\maven-api-plugin-4.0.0-rc-3.jar;C:\Users\stean\.m2\repository\org\apache\maven\maven-api-settings\4.0.0-rc-3\maven-api-settings-4.0.0-rc-3.jar;C:\Users\stean\.m2\repository\org\apache\maven\maven-api-spi\4.0.0-rc-3\maven-api-spi-4.0.0-rc-3.jar;C:\Users\stean\.m2\repository\org\apache\maven\maven-api-toolchain\4.0.0-rc-3\maven-api-toolchain-4.0.0-rc-3.jar;C:\Users\stean\.m2\repository\org\apache\maven\maven-api-xml\4.0.0-rc-3\maven-api-xml-4.0.0-rc-3.jar;C:\Users\stean\.m2\repository\org\apache\maven\maven-di\4.0.0-rc-3\maven-di-4.0.0-rc-3.jar;C:\Users\stean\.m2\repository\org\apache\maven\maven-impl\4.0.0-rc-3\maven-impl-4.0.0-rc-3.jar;C:\Users\stean\.m2\repository\org\apache\maven\maven-support\4.0.0-rc-3\maven-support-4.0.0-rc-3.jar;C:\Users\stean\.m2\repository\com\fasterxml\woodstox\woodstox-core\7.1.0\woodstox-core-7.1.0.jar;C:\Users\stean\.m2\repository\org\codehaus\woodstox\stax2-api\4.2.2\stax2-api-4.2.2.jar;C:\Users\stean\.m2\repository\org\codehaus\plexus\plexus-sec-dispatcher\4.1.0\plexus-sec-dispatcher-4.1.0.jar;C:\Users\stean\.m2\repository\org\apache\maven\maven-jline\4.0.0-rc-3\maven-jline-4.0.0-rc-3.jar;C:\Users\stean\.m2\repository\org\jline\jline-reader\3.29.0\jline-reader-3.29.0.jar;C:\Users\stean\.m2\repository\org\jline\jline-style\3.29.0\jline-style-3.29.0.jar;C:\Users\stean\.m2\repository\org\jline\jline-builtins\3.29.0\jline-builtins-3.29.0.jar;C:\Users\stean\.m2\repository\org\jline\jline-console\3.29.0\jline-console-3.29.0.jar;C:\Users\stean\.m2\repository\org\jline\jline-console-ui\3.29.0\jline-console-ui-3.29.0.jar;C:\Users\stean\.m2\repository\org\jline\jline-terminal\3.29.0\jline-terminal-3.29.0.jar;C:\Users\stean\.m2\repository\org\jline\jline-native\3.29.0\jline-native-3.29.0.jar;C:\Users\stean\.m2\repository\org\jline\jline-terminal-jni\3.29.0\jline-terminal-jni-3.29.0.jar;C:\Users\stean\.m2\repository\org\jline\jansi-core\3.29.0\jansi-core-3.29.0.jar;C:\Users\stean\.m2\repository\org\apache\maven\maven-logging\4.0.0-rc-3\maven-logging-4.0.0-rc-3.jar;C:\Users\stean\.m2\repository\org\apache\maven\maven-xml\4.0.0-rc-3\maven-xml-4.0.0-rc-3.jar;C:\Users\stean\.m2\repository\org\apache\maven\maven-artifact\4.0.0-rc-3\maven-artifact-4.0.0-rc-3.jar;C:\Users\stean\.m2\repository\org\apache\maven\maven-model\4.0.0-rc-3\maven-model-4.0.0-rc-3.jar;C:\Users\stean\.m2\repository\org\apache\maven\maven-model-builder\4.0.0-rc-3\maven-model-builder-4.0.0-rc-3.jar;C:\Users\stean\.m2\repository\org\apache\maven\maven-builder-support\4.0.0-rc-3\maven-builder-support-4.0.0-rc-3.jar;C:\Users\stean\.m2\repository\org\codehaus\plexus\plexus-interpolation\1.27\plexus-interpolation-1.27.jar;C:\Users\stean\.m2\repository\org\codehaus\plexus\plexus-utils\4.0.1\plexus-utils-4.0.1.jar;C:\Users\stean\.m2\repository\org\apache\maven\maven-plugin-api\4.0.0-rc-3\maven-plugin-api-4.0.0-rc-3.jar;C:\Users\stean\.m2\repository\org\eclipse\sisu\org.eclipse.sisu.plexus\0.9.0.M3\org.eclipse.sisu.plexus-0.9.0.M3.jar;C:\Users\stean\.m2\repository\org\apache\maven\maven-repository-metadata\4.0.0-rc-3\maven-repository-metadata-4.0.0-rc-3.jar;C:\Users\stean\.m2\repository\org\apache\maven\maven-settings\4.0.0-rc-3\maven-settings-4.0.0-rc-3.jar;C:\Users\stean\.m2\repository\org\apache\maven\maven-toolchain-model\4.0.0-rc-3\maven-toolchain-model-4.0.0-rc-3.jar;C:\Users\stean\.m2\repository\org\apache\maven\resolver\maven-resolver-api\2.0.7\maven-resolver-api-2.0.7.jar;C:\Users\stean\.m2\repository\org\apache\maven\resolver\maven-resolver-spi\2.0.7\maven-resolver-spi-2.0.7.jar;C:\Users\stean\.m2\repository\com\google\code\gson\gson\2.12.1\gson-2.12.1.jar;C:\Users\stean\.m2\repository\org\apache\maven\resolver\maven-resolver-util\2.0.7\maven-resolver-util-2.0.7.jar;C:\Users\stean\.m2\repository\org\apache\maven\resolver\maven-resolver-impl\2.0.7\maven-resolver-impl-2.0.7.jar;C:\Users\stean\.m2\repository\org\apache\maven\resolver\maven-resolver-named-locks\2.0.7\maven-resolver-named-locks-2.0.7.jar;C:\Users\stean\.m2\repository\org\codehaus\plexus\plexus-classworlds\2.8.0\plexus-classworlds-2.8.0.jar;C:\Users\stean\.m2\repository\org\codehaus\plexus\plexus-xml\4.0.4\plexus-xml-4.0.4.jar;C:\Users\stean\.m2\repository\org\apache\maven\maven-xml-impl\4.0.0-alpha-9\maven-xml-impl-4.0.0-alpha-9.jar;C:\Users\stean\.m2\repository\org\slf4j\slf4j-api\1.7.36\slf4j-api-1.7.36.jar;C:\Users\stean\.m2\repository\ch\qos\logback\logback-classic\1.2.11\logback-classic-1.2.11.jar;C:\Users\stean\.m2\repository\ch\qos\logback\logback-core\1.2.11\logback-core-1.2.11.jar;"/>
    <property name="sun.cpu.endian" value="little"/>
    <property name="user.home" value="C:\Users\stean"/>
    <property name="user.language" value="it"/>
    <property name="java.specification.vendor" value="Oracle Corporation"/>
    <property name="java.version.date" value="2025-01-21"/>
    <property name="java.home" value="C:\Program Files\Java\jdk-23"/>
    <property name="file.separator" value="\"/>
    <property name="basedir" value="C:\Users\stean\dungeon-mistery"/>
    <property name="java.vm.compressedOopsMode" value="Zero based"/>
    <property name="line.separator" value="&#10;"/>
    <property name="java.vm.specification.vendor" value="Oracle Corporation"/>
    <property name="java.specification.name" value="Java Platform API Specification"/>
    <property name="surefire.real.class.path" value="C:\Users\stean\AppData\Local\Temp\surefire1183231135720427957\surefirebooter-20250410142725019_3.jar"/>
    <property name="user.script" value=""/>
    <property name="sun.management.compiler" value="HotSpot 64-Bit Tiered Compilers"/>
    <property name="java.runtime.version" value="23.0.2+7-58"/>
    <property name="user.name" value="stean"/>
    <property name="stdout.encoding" value="Cp1252"/>
    <property name="path.separator" value=";"/>
    <property name="os.version" value="10.0"/>
    <property name="java.runtime.name" value="Java(TM) SE Runtime Environment"/>
    <property name="file.encoding" value="UTF-8"/>
    <property name="java.vm.name" value="Java HotSpot(TM) 64-Bit Server VM"/>
    <property name="localRepository" value="C:\Users\stean\.m2\repository"/>
    <property name="java.vendor.url.bug" value="https://bugreport.java.com/bugreport/"/>
    <property name="java.io.tmpdir" value="C:\Users\stean\AppData\Local\Temp\"/>
    <property name="idea.version" value="2024.3.4.1"/>
    <property name="java.version" value="23.0.2"/>
    <property name="user.dir" value="C:\Users\stean\dungeon-mistery"/>
    <property name="os.arch" value="amd64"/>
    <property name="java.vm.specification.name" value="Java Virtual Machine Specification"/>
    <property name="sun.os.patch.level" value=""/>
    <property name="native.encoding" value="Cp1252"/>
    <property name="java.library.path" value="C:\Program Files\Java\jdk-23\bin;C:\WINDOWS\Sun\Java\bin;C:\WINDOWS\system32;C:\WINDOWS;C:\Program Files\Java\jdk-17\bin;C:\Python312\Scripts\;C:\Python312\;C:\WINDOWS\system32;C:\WINDOWS;C:\WINDOWS\System32\Wbem;C:\WINDOWS\System32\WindowsPowerShell\v1.0\;C:\WINDOWS\System32\OpenSSH\;C:\Program Files\nodejs\;C:\ProgramData\chocolatey\bin;C:\MAMP\bin\php\php8.3.1;C:\ProgramData\ComposerSetup\bin;C:\Program Files\Docker\Docker\resources\bin;C:\Program Files\Erlang OTP\bin;C:\Program Files\RabbitMQ Server\rabbitmq_server-4.0.5\sbin;C:\Users\stean\Downloads\mongosh-2.3.8-win32-x64\mongosh-2.3.8-win32-x64\bin;C:\Program Files\apache-maven-3.9.9\bin;C:\Program Files\PowerShell\7\;C:\Program Files\Git\cmd;C:\Program Files\PowerShell\7-preview\preview;C:\Users\stean\AppData\Local\Microsoft\WindowsApps;C:\Users\stean\AppData\Local\Programs\Microsoft VS Code\bin;C:\Users\stean\AppData\Roaming\npm;C:\Users\stean\AppData\Roaming\Composer\vendor\bin;;C:\Program Files\JetBrains\IntelliJ IDEA 2024.3.3\bin;;C:\Program Files\JetBrains\IntelliJ IDEA Community Edition 2024.3.3\bin;;C:\Users\stean\AppData\Roaming\Programs\Zero Install;C:\Program Files\JetBrains\IntelliJ IDEA 2024.3.4.1\bin;;."/>
    <property name="java.vm.info" value="mixed mode, sharing"/>
    <property name="stderr.encoding" value="Cp1252"/>
    <property name="java.vendor" value="Oracle Corporation"/>
    <property name="java.vm.version" value="23.0.2+7-58"/>
    <property name="sun.io.unicode.encoding" value="UnicodeLittle"/>
    <property name="java.class.version" value="67.0"/>
  </properties>
  <testcase name="testApp" classname="com.progettoRogueLike.AppTest" time="0.004"/>
</testsuite>